TN:
SF:src/modules/allocations/domain/assets/asset.ts
FN:13,(anonymous_0)
FN:17,(anonymous_1)
FN:21,(anonymous_2)
FN:25,(anonymous_3)
FNF:4
FNH:2
FNDA:0,(anonymous_0)
FNDA:0,(anonymous_1)
FNDA:1,(anonymous_2)
FNDA:1,(anonymous_3)
DA:14,0
DA:18,0
DA:22,1
DA:26,1
LF:4
LH:2
BRF:0
BRH:0
end_of_record
TN:
SF:src/modules/allocations/domain/assets/assetId.ts
FN:6,(anonymous_0)
FN:10,(anonymous_1)
FN:14,(anonymous_2)
FNF:3
FNH:2
FNDA:0,(anonymous_0)
FNDA:1,(anonymous_1)
FNDA:1,(anonymous_2)
DA:7,0
DA:11,1
DA:15,1
LF:3
LH:2
BRF:0
BRH:0
end_of_record
TN:
SF:src/modules/allocations/domain/assets/assetRegistrationNumber.ts
FN:9,(anonymous_0)
FN:13,(anonymous_1)
FN:17,(anonymous_2)
FNF:3
FNH:2
FNDA:0,(anonymous_0)
FNDA:2,(anonymous_1)
FNDA:2,(anonymous_2)
DA:10,0
DA:14,2
DA:18,2
LF:3
LH:2
BRF:0
BRH:0
end_of_record
TN:
SF:src/modules/allocations/domain/staff/index.ts
FN:14,(anonymous_0)
FN:18,(anonymous_1)
FN:22,(anonymous_2)
FN:26,(anonymous_3)
FN:30,(anonymous_4)
FNF:5
FNH:2
FNDA:0,(anonymous_0)
FNDA:0,(anonymous_1)
FNDA:0,(anonymous_2)
FNDA:2,(anonymous_3)
FNDA:2,(anonymous_4)
DA:15,0
DA:19,0
DA:23,0
DA:27,2
DA:31,2
LF:5
LH:2
BRF:0
BRH:0
end_of_record
TN:
SF:src/modules/allocations/domain/staff/staffBirthday.ts
FN:11,(anonymous_0)
FN:15,(anonymous_1)
FN:19,(anonymous_2)
FN:23,(anonymous_3)
FN:28,(anonymous_4)
FNF:5
FNH:4
FNDA:1,(anonymous_0)
FNDA:1,(anonymous_1)
FNDA:0,(anonymous_2)
FNDA:2,(anonymous_3)
FNDA:2,(anonymous_4)
DA:9,1
DA:12,1
DA:16,1
DA:20,0
DA:24,2
DA:25,2
DA:29,2
DA:30,1
DA:32,1
LF:9
LH:8
BRDA:29,0,0,1
BRDA:29,0,1,1
BRF:2
BRH:2
end_of_record
TN:
SF:src/modules/allocations/domain/staff/staffDriverLicense.ts
FN:11,(anonymous_0)
FN:15,(anonymous_1)
FN:19,(anonymous_2)
FN:23,(anonymous_3)
FN:27,(anonymous_4)
FN:31,(anonymous_5)
FN:35,(anonymous_6)
FNF:7
FNH:6
FNDA:1,(anonymous_0)
FNDA:1,(anonymous_1)
FNDA:1,(anonymous_2)
FNDA:3,(anonymous_3)
FNDA:0,(anonymous_4)
FNDA:4,(anonymous_5)
FNDA:4,(anonymous_6)
DA:12,1
DA:16,1
DA:20,1
DA:24,3
DA:28,0
DA:32,4
DA:36,4
DA:37,1
DA:39,3
LF:9
LH:8
BRDA:36,0,0,1
BRDA:36,0,1,3
BRF:2
BRH:2
end_of_record
TN:
SF:src/modules/allocations/domain/staff/staffId.ts
FN:6,(anonymous_0)
FN:10,(anonymous_1)
FN:14,(anonymous_2)
FNF:3
FNH:2
FNDA:0,(anonymous_0)
FNDA:1,(anonymous_1)
FNDA:1,(anonymous_2)
DA:7,0
DA:11,1
DA:15,1
LF:3
LH:2
BRF:0
BRH:0
end_of_record
TN:
SF:src/modules/allocations/domain/staff/staffName.ts
FN:9,(anonymous_0)
FN:13,(anonymous_1)
FN:17,(anonymous_2)
FNF:3
FNH:3
FNDA:1,(anonymous_0)
FNDA:3,(anonymous_1)
FNDA:3,(anonymous_2)
DA:10,1
DA:14,3
DA:18,3
LF:3
LH:3
BRF:0
BRH:0
end_of_record
TN:
SF:src/modules/deliveries/domain/delivery.ts
FN:26,(anonymous_0)
FN:30,(anonymous_1)
FN:34,(anonymous_2)
FN:38,(anonymous_3)
FN:42,(anonymous_4)
FN:47,(anonymous_5)
FN:51,(anonymous_6)
FNF:7
FNH:4
FNDA:0,(anonymous_0)
FNDA:0,(anonymous_1)
FNDA:3,(anonymous_2)
FNDA:0,(anonymous_3)
FNDA:3,(anonymous_4)
FNDA:2,(anonymous_5)
FNDA:8,(anonymous_6)
DA:27,0
DA:31,0
DA:35,3
DA:39,0
DA:43,3
DA:48,2
DA:52,8
LF:7
LH:4
BRF:0
BRH:0
end_of_record
TN:
SF:src/modules/deliveries/domain/deliveryId.ts
FN:6,(anonymous_0)
FN:10,(anonymous_1)
FN:14,(anonymous_2)
FNF:3
FNH:3
FNDA:1,(anonymous_0)
FNDA:11,(anonymous_1)
FNDA:11,(anonymous_2)
DA:7,1
DA:11,11
DA:15,11
LF:3
LH:3
BRF:0
BRH:0
end_of_record
TN:
SF:src/modules/deliveries/domain/deliveryIntinerary.ts
FN:11,(anonymous_0)
FN:15,(anonymous_1)
FN:19,(anonymous_2)
FN:23,(anonymous_3)
FN:30,(anonymous_4)
FN:36,(anonymous_5)
FNF:6
FNH:6
FNDA:1,(anonymous_0)
FNDA:1,(anonymous_1)
FNDA:9,(anonymous_2)
FNDA:2,(anonymous_3)
FNDA:22,(anonymous_4)
FNDA:11,(anonymous_5)
DA:12,1
DA:16,1
DA:20,9
DA:24,2
DA:31,22
DA:32,22
DA:33,20
DA:37,11
DA:38,2
DA:41,9
LF:10
LH:10
BRDA:31,0,0,0
BRDA:31,0,1,22
BRDA:31,1,0,22
BRDA:31,1,1,22
BRDA:32,2,0,2
BRDA:32,2,1,20
BRDA:37,3,0,2
BRDA:37,3,1,9
BRDA:37,4,0,11
BRDA:37,4,1,11
BRF:10
BRH:9
end_of_record
TN:
SF:src/modules/deliveries/domain/deliveryPrice.ts
FN:10,(anonymous_0)
FN:15,(anonymous_1)
FN:19,(anonymous_2)
FNF:3
FNH:3
FNDA:4,(anonymous_0)
FNDA:7,(anonymous_1)
FNDA:7,(anonymous_2)
DA:11,4
DA:16,7
DA:20,7
LF:3
LH:3
BRF:0
BRH:0
end_of_record
TN:
SF:src/modules/deliveries/domain/employee.ts
FN:22,(anonymous_0)
FN:26,(anonymous_1)
FN:30,(anonymous_2)
FN:34,(anonymous_3)
FN:38,(anonymous_4)
FN:42,(anonymous_5)
FN:46,(anonymous_6)
FN:50,(anonymous_7)
FNF:8
FNH:7
FNDA:0,(anonymous_0)
FNDA:1,(anonymous_1)
FNDA:1,(anonymous_2)
FNDA:1,(anonymous_3)
FNDA:1,(anonymous_4)
FNDA:1,(anonymous_5)
FNDA:2,(anonymous_6)
FNDA:2,(anonymous_7)
DA:23,0
DA:27,1
DA:31,1
DA:35,1
DA:39,1
DA:43,1
DA:47,2
DA:51,2
LF:8
LH:7
BRF:0
BRH:0
end_of_record
TN:
SF:src/modules/deliveries/domain/employeeId.ts
FN:6,(anonymous_0)
FN:10,(anonymous_1)
FN:14,(anonymous_2)
FNF:3
FNH:3
FNDA:1,(anonymous_0)
FNDA:7,(anonymous_1)
FNDA:7,(anonymous_2)
DA:7,1
DA:11,7
DA:15,7
LF:3
LH:3
BRF:0
BRH:0
end_of_record
TN:
SF:src/modules/deliveries/domain/employeeRevenuePercentage.ts
FN:9,(anonymous_0)
FN:13,(anonymous_1)
FN:17,(anonymous_2)
FN:22,(anonymous_3)
FNF:4
FNH:4
FNDA:4,(anonymous_0)
FNDA:4,(anonymous_1)
FNDA:5,(anonymous_2)
FNDA:5,(anonymous_3)
DA:10,4
DA:14,4
DA:18,5
DA:19,4
DA:23,5
DA:24,1
DA:26,4
LF:7
LH:7
BRDA:18,0,0,1
BRDA:18,0,1,4
BRDA:23,1,0,1
BRDA:23,1,1,4
BRF:4
BRH:4
end_of_record
TN:
SF:src/modules/deliveries/domain/location.ts
FN:14,(anonymous_0)
FN:18,(anonymous_1)
FN:22,(anonymous_2)
FN:26,(anonymous_3)
FN:30,(anonymous_4)
FN:36,(anonymous_5)
FNF:6
FNH:6
FNDA:1,(anonymous_0)
FNDA:1,(anonymous_1)
FNDA:1,(anonymous_2)
FNDA:12,(anonymous_3)
FNDA:12,(anonymous_4)
FNDA:12,(anonymous_5)
DA:4,6
DA:5,6
DA:15,1
DA:19,1
DA:23,1
DA:27,12
DA:31,12
DA:32,12
DA:33,12
DA:37,12
DA:38,0
DA:40,12
LF:12
LH:11
BRDA:33,0,0,12
BRDA:33,0,1,12
BRDA:37,1,0,0
BRDA:37,1,1,12
BRF:4
BRH:3
end_of_record
TN:
SF:src/modules/deliveries/domain/vehicle.ts
FN:19,(anonymous_0)
FN:23,(anonymous_1)
FN:27,(anonymous_2)
FN:31,(anonymous_3)
FN:35,(anonymous_4)
FN:39,(anonymous_5)
FN:43,(anonymous_6)
FNF:7
FNH:2
FNDA:0,(anonymous_0)
FNDA:0,(anonymous_1)
FNDA:0,(anonymous_2)
FNDA:0,(anonymous_3)
FNDA:0,(anonymous_4)
FNDA:1,(anonymous_5)
FNDA:1,(anonymous_6)
DA:20,0
DA:24,0
DA:28,0
DA:32,0
DA:36,0
DA:40,1
DA:44,1
LF:7
LH:2
BRF:0
BRH:0
end_of_record
TN:
SF:src/modules/deliveries/domain/vehicleBrand.ts
FN:9,(anonymous_0)
FN:13,(anonymous_1)
FN:17,(anonymous_2)
FNF:3
FNH:3
FNDA:2,(anonymous_0)
FNDA:6,(anonymous_1)
FNDA:6,(anonymous_2)
DA:10,2
DA:14,6
DA:18,6
LF:3
LH:3
BRF:0
BRH:0
end_of_record
TN:
SF:src/modules/deliveries/domain/vehicleColor.ts
FN:9,(anonymous_0)
FN:13,(anonymous_1)
FN:17,(anonymous_2)
FNF:3
FNH:3
FNDA:2,(anonymous_0)
FNDA:5,(anonymous_1)
FNDA:5,(anonymous_2)
DA:10,2
DA:14,5
DA:18,5
LF:3
LH:3
BRF:0
BRH:0
end_of_record
TN:
SF:src/modules/deliveries/domain/vehicleDetails.ts
FN:22,(anonymous_0)
FN:26,(anonymous_1)
FN:30,(anonymous_2)
FN:34,(anonymous_3)
FN:38,(anonymous_4)
FN:42,(anonymous_5)
FN:46,(anonymous_6)
FN:50,(anonymous_7)
FN:54,(anonymous_8)
FNF:9
FNH:7
FNDA:0,(anonymous_0)
FNDA:1,(anonymous_1)
FNDA:1,(anonymous_2)
FNDA:1,(anonymous_3)
FNDA:1,(anonymous_4)
FNDA:1,(anonymous_5)
FNDA:0,(anonymous_6)
FNDA:4,(anonymous_7)
FNDA:4,(anonymous_8)
DA:23,0
DA:27,1
DA:31,1
DA:35,1
DA:39,1
DA:43,1
DA:47,0
DA:51,4
DA:55,4
LF:9
LH:7
BRF:0
BRH:0
end_of_record
TN:
SF:src/modules/deliveries/domain/vehicleId.ts
FN:6,(anonymous_0)
FN:10,(anonymous_1)
FN:14,(anonymous_2)
FNF:3
FNH:3
FNDA:1,(anonymous_0)
FNDA:5,(anonymous_1)
FNDA:5,(anonymous_2)
DA:7,1
DA:11,5
DA:15,5
LF:3
LH:3
BRF:0
BRH:0
end_of_record
TN:
SF:src/modules/deliveries/domain/vehicleName.ts
FN:9,(anonymous_0)
FN:13,(anonymous_1)
FN:17,(anonymous_2)
FNF:3
FNH:3
FNDA:1,(anonymous_0)
FNDA:6,(anonymous_1)
FNDA:6,(anonymous_2)
DA:10,1
DA:14,6
DA:18,6
LF:3
LH:3
BRF:0
BRH:0
end_of_record
TN:
SF:src/modules/deliveries/domain/vehiclePlate.ts
FN:9,(anonymous_0)
FN:13,(anonymous_1)
FN:17,(anonymous_2)
FN:21,(anonymous_3)
FNF:4
FNH:4
FNDA:2,(anonymous_0)
FNDA:6,(anonymous_1)
FNDA:7,(anonymous_2)
FNDA:7,(anonymous_3)
DA:10,2
DA:14,6
DA:18,7
DA:22,7
DA:23,1
DA:25,6
LF:6
LH:6
BRDA:22,0,0,1
BRDA:22,0,1,6
BRF:2
BRH:2
end_of_record
TN:
SF:src/modules/deliveries/domain/vehicleYear.ts
FN:9,(anonymous_0)
FN:13,(anonymous_1)
FN:17,(anonymous_2)
FN:21,(anonymous_3)
FNF:4
FNH:4
FNDA:2,(anonymous_0)
FNDA:6,(anonymous_1)
FNDA:7,(anonymous_2)
FNDA:7,(anonymous_3)
DA:10,2
DA:14,6
DA:18,7
DA:22,7
DA:23,1
DA:25,6
LF:6
LH:6
BRDA:22,0,0,1
BRDA:22,0,1,6
BRF:2
BRH:2
end_of_record
TN:
SF:src/modules/deliveries/domain/services/deliveryService.ts
FN:7,(anonymous_0)
FNF:1
FNH:1
FNDA:3,(anonymous_0)
DA:9,3
DA:10,3
DA:11,3
DA:13,1
DA:14,1
DA:16,1
DA:17,1
DA:19,1
DA:20,1
DA:22,3
DA:23,2
DA:24,2
DA:26,3
DA:27,3
DA:28,3
LF:15
LH:15
BRDA:11,0,0,1
BRDA:11,0,1,1
BRDA:11,0,2,1
BRDA:22,1,0,2
BRDA:22,1,1,1
BRF:5
BRH:5
end_of_record
TN:
SF:src/modules/deliveries/useCases/createDelivery/CreateDelivery.ts
FN:15,(anonymous_0)
FN:17,(anonymous_1)
FNF:2
FNH:2
FNDA:3,(anonymous_0)
FNDA:3,(anonymous_1)
DA:18,3
DA:22,3
DA:23,1
DA:25,2
DA:26,2
DA:27,2
DA:37,2
DA:38,0
DA:40,2
DA:41,2
DA:42,2
DA:43,1
DA:46,1
DA:48,1
DA:49,0
DA:52,1
DA:54,1
LF:17
LH:15
BRDA:22,0,0,1
BRDA:22,0,1,2
BRDA:37,1,0,0
BRDA:37,1,1,2
BRDA:42,2,0,1
BRDA:42,2,1,1
BRDA:48,3,0,0
BRDA:48,3,1,1
BRF:8
BRH:6
end_of_record
TN:
SF:src/modules/deliveries/useCases/getDeliveryById/GetDeliveryById.ts
FN:17,(anonymous_0)
FN:19,(anonymous_1)
FNF:2
FNH:2
FNDA:2,(anonymous_0)
FNDA:2,(anonymous_1)
DA:20,2
DA:21,2
DA:22,1
DA:24,1
LF:4
LH:4
BRDA:21,0,0,1
BRDA:21,0,1,1
BRF:2
BRH:2
end_of_record
TN:
SF:src/modules/deliveries/useCases/getDeliveryById/GetDeliveryByIdErrors.ts
FN:6,(anonymous_0)
FNF:1
FNH:1
FNDA:1,(anonymous_0)
DA:7,1
LF:1
LH:1
BRF:0
BRH:0
end_of_record
TN:
SF:src/modules/users/domain/user.ts
FN:15,(anonymous_0)
FNF:1
FNH:1
FNDA:1,(anonymous_0)
DA:18,1
DA:21,1
LF:2
LH:2
BRF:0
BRH:0
end_of_record
TN:
SF:src/modules/users/domain/userDocumetId.ts
FN:9,(anonymous_0)
FN:13,(anonymous_1)
FN:17,(anonymous_2)
FN:38,(anonymous_3)
FN:42,(anonymous_4)
FNF:5
FNH:5
FNDA:1,(anonymous_0)
FNDA:6,(anonymous_1)
FNDA:7,(anonymous_2)
FNDA:6,(anonymous_3)
FNDA:7,(anonymous_4)
DA:10,1
DA:14,6
DA:20,7
DA:21,7
DA:23,63
DA:24,7
DA:26,7
DA:27,7
DA:29,6
DA:30,60
DA:31,6
DA:33,6
DA:34,6
DA:35,6
DA:39,6
DA:43,7
DA:44,1
DA:46,6
LF:18
LH:18
BRDA:21,0,0,0
BRDA:21,0,1,7
BRDA:26,1,0,0
BRDA:26,1,1,7
BRDA:26,2,0,7
BRDA:26,2,1,7
BRDA:27,3,0,1
BRDA:27,3,1,6
BRDA:33,4,0,0
BRDA:33,4,1,6
BRDA:33,5,0,6
BRDA:33,5,1,6
BRDA:34,6,0,0
BRDA:34,6,1,6
BRDA:43,7,0,1
BRDA:43,7,1,6
BRF:16
BRH:12
end_of_record
TN:
SF:src/modules/users/domain/userEmail.ts
FN:9,(anonymous_0)
FN:13,(anonymous_1)
FN:17,(anonymous_2)
FN:22,(anonymous_3)
FN:26,(anonymous_4)
FNF:5
FNH:5
FNDA:1,(anonymous_0)
FNDA:6,(anonymous_1)
FNDA:7,(anonymous_2)
FNDA:6,(anonymous_3)
FNDA:7,(anonymous_4)
DA:10,1
DA:14,6
DA:18,7
DA:19,7
DA:23,6
DA:27,7
DA:28,1
DA:30,6
LF:8
LH:8
BRDA:27,0,0,1
BRDA:27,0,1,6
BRF:2
BRH:2
end_of_record
TN:
SF:src/modules/users/domain/userId.ts
FN:6,(anonymous_0)
FN:10,(anonymous_1)
FN:14,(anonymous_2)
FNF:3
FNH:3
FNDA:1,(anonymous_0)
FNDA:1,(anonymous_1)
FNDA:1,(anonymous_2)
DA:7,1
DA:11,1
DA:15,1
LF:3
LH:3
BRF:0
BRH:0
end_of_record
TN:
SF:src/modules/users/domain/userName.ts
FN:9,(anonymous_0)
FN:13,(anonymous_1)
FN:17,(anonymous_2)
FN:21,(anonymous_3)
FNF:4
FNH:4
FNDA:1,(anonymous_0)
FNDA:5,(anonymous_1)
FNDA:6,(anonymous_2)
FNDA:6,(anonymous_3)
DA:10,1
DA:14,5
DA:18,6
DA:22,6
DA:23,1
DA:25,5
LF:6
LH:6
BRDA:22,0,0,1
BRDA:22,0,1,5
BRF:2
BRH:2
end_of_record
TN:
SF:src/modules/users/useCases/createUser/createUserUseCase.ts
FN:9,(anonymous_0)
FNF:1
FNH:1
FNDA:1,(anonymous_0)
DA:10,1
DA:11,1
DA:12,1
DA:13,1
DA:14,0
DA:15,0
DA:18,1
LF:7
LH:5
BRDA:13,0,0,0
BRDA:13,0,1,1
BRF:2
BRH:1
end_of_record
TN:
SF:src/shared/core/Guard.ts
FN:15,(anonymous_0)
FN:23,(anonymous_1)
FN:29,(anonymous_2)
FN:35,(anonymous_3)
FN:41,(anonymous_4)
FN:49,(anonymous_5)
FN:58,(anonymous_6)
FN:73,(anonymous_7)
FN:82,(anonymous_8)
FNF:9
FNH:3
FNDA:2,(anonymous_0)
FNDA:0,(anonymous_1)
FNDA:0,(anonymous_2)
FNDA:0,(anonymous_3)
FNDA:8,(anonymous_4)
FNDA:3,(anonymous_5)
FNDA:0,(anonymous_6)
FNDA:0,(anonymous_7)
FNDA:0,(anonymous_8)
DA:16,2
DA:17,4
DA:20,1
DA:24,0
DA:30,0
DA:36,0
DA:42,8
DA:43,4
DA:45,4
DA:50,3
DA:51,4
DA:52,4
DA:55,1
DA:59,0
DA:60,0
DA:61,0
DA:62,0
DA:66,0
DA:67,0
DA:69,0
DA:74,0
DA:75,0
DA:76,0
DA:78,0
DA:83,0
DA:85,0
DA:86,0
DA:87,0
DA:90,0
DA:91,0
DA:93,0
LF:31
LH:10
BRDA:17,0,0,1
BRDA:17,0,1,3
BRDA:24,1,0,0
BRDA:24,1,1,0
BRDA:30,2,0,0
BRDA:30,2,1,0
BRDA:36,3,0,0
BRDA:36,3,1,0
BRDA:42,4,0,4
BRDA:42,4,1,4
BRDA:42,5,0,8
BRDA:42,5,1,6
BRDA:52,6,0,2
BRDA:52,6,1,2
BRDA:61,7,0,0
BRDA:61,7,1,0
BRDA:66,8,0,0
BRDA:66,8,1,0
BRDA:74,9,0,0
BRDA:74,9,1,0
BRDA:75,10,0,0
BRDA:75,10,1,0
BRDA:87,11,0,0
BRDA:87,11,1,0
BRDA:90,12,0,0
BRDA:90,12,1,0
BRF:26
BRH:8
end_of_record
TN:
SF:src/shared/core/Result.ts
FN:7,(anonymous_0)
FN:22,(anonymous_1)
FN:31,(anonymous_2)
FN:35,(anonymous_3)
FN:39,(anonymous_4)
FN:43,(anonymous_5)
FN:54,(anonymous_6)
FN:56,(anonymous_7)
FN:60,(anonymous_8)
FN:66,(anonymous_9)
FN:68,(anonymous_10)
FN:72,(anonymous_11)
FN:77,(anonymous_12)
FN:81,(anonymous_13)
FNF:14
FNH:12
FNDA:166,(anonymous_0)
FNDA:123,(anonymous_1)
FNDA:6,(anonymous_2)
FNDA:149,(anonymous_3)
FNDA:16,(anonymous_4)
FNDA:1,(anonymous_5)
FNDA:3,(anonymous_6)
FNDA:0,(anonymous_7)
FNDA:3,(anonymous_8)
FNDA:3,(anonymous_9)
FNDA:3,(anonymous_10)
FNDA:0,(anonymous_11)
FNDA:3,(anonymous_12)
FNDA:3,(anonymous_13)
DA:8,166
DA:9,0
DA:11,166
DA:12,0
DA:14,166
DA:15,166
DA:16,166
DA:17,166
DA:19,166
DA:23,123
DA:24,0
DA:25,0
DA:28,123
DA:32,6
DA:36,149
DA:40,16
DA:44,1
DA:45,2
DA:47,1
DA:57,0
DA:61,3
DA:69,3
DA:73,0
DA:77,34
DA:78,3
DA:81,34
DA:82,3
LF:27
LH:21
BRDA:8,0,0,0
BRDA:8,0,1,166
BRDA:8,1,0,166
BRDA:8,1,1,149
BRDA:11,2,0,0
BRDA:11,2,1,166
BRDA:11,3,0,166
BRDA:11,3,1,17
BRDA:23,4,0,0
BRDA:23,4,1,123
BRDA:23,5,0,123
BRDA:23,5,1,123
BRDA:23,5,2,123
BRDA:45,6,0,0
BRDA:45,6,1,2
BRF:15
BRH:11
end_of_record
TN:
SF:src/shared/domain/AggregateRoot.ts
FN:5,(anonymous_0)
FNF:1
FNH:0
FNDA:0,(anonymous_0)
DA:6,0
LF:1
LH:0
BRF:0
BRH:0
end_of_record
TN:
SF:src/shared/domain/Entity.ts
FN:7,(anonymous_0)
FNF:1
FNH:1
FNDA:41,(anonymous_0)
DA:8,41
DA:9,41
LF:2
LH:2
BRDA:9,0,0,41
BRDA:9,0,1,30
BRF:2
BRH:2
end_of_record
TN:
SF:src/shared/domain/Indetifier.ts
FN:2,(anonymous_0)
FN:4,(anonymous_1)
FN:14,(anonymous_2)
FN:18,(anonymous_3)
FNF:4
FNH:1
FNDA:41,(anonymous_0)
FNDA:0,(anonymous_1)
FNDA:0,(anonymous_2)
FNDA:0,(anonymous_3)
DA:5,0
DA:6,0
DA:8,0
DA:9,0
DA:11,0
DA:15,0
DA:19,0
LF:7
LH:0
BRDA:5,0,0,0
BRDA:5,0,1,0
BRDA:5,1,0,0
BRDA:5,1,1,0
BRDA:8,2,0,0
BRDA:8,2,1,0
BRF:6
BRH:0
end_of_record
TN:
SF:src/shared/domain/UniqueEntityID.ts
FN:4,(anonymous_0)
FNF:1
FNH:1
FNDA:41,(anonymous_0)
DA:5,41
LF:1
LH:1
BRDA:5,0,0,41
BRDA:5,0,1,31
BRF:2
BRH:2
end_of_record
TN:
SF:src/shared/domain/ValueObject.ts
FN:8,(anonymous_0)
FN:15,(anonymous_1)
FNF:2
FNH:1
FNDA:91,(anonymous_0)
FNDA:0,(anonymous_1)
DA:9,91
DA:12,91
DA:16,0
DA:17,0
DA:18,0
LF:5
LH:2
BRDA:16,0,0,0
BRDA:16,0,1,0
BRDA:16,1,0,0
BRDA:16,1,1,0
BRDA:17,2,0,0
BRDA:17,2,1,0
BRF:6
BRH:0
end_of_record
